# JRE version: Java(TM) SE Runtime Environment (14.0.2+12) (build 14.0.2+12-46)
# Java VM: Java HotSpot(TM) 64-Bit Server VM (14.0.2+12-46, mixed mode, sharing, tiered, compressed oops, g1 gc, bsd-amd64)
Heap:
 garbage-first heap   total 55296K, used 23237K [0x0000000700000000, 0x0000000800000000)
  region size 1024K, 6 young (6144K), 2 survivors (2048K)
 Metaspace       used 27631K, capacity 28776K, committed 28848K, reserved 1073152K
  class space    used 3768K, capacity 4220K, committed 4272K, reserved 1048576K
GC Heap History (14 events):
Event: 0.835 GC heap before
{Heap before GC invocations=0 (full 0):
 garbage-first heap   total 264192K, used 13104K [0x0000000700000000, 0x0000000800000000)
  region size 1024K, 13 young (13312K), 0 survivors (0K)
 Metaspace       used 3115K, capacity 4879K, committed 5120K, reserved 1056768K
  class space    used 307K, capacity 475K, committed 512K, reserved 1048576K
}
Event: 0.838 GC heap after
{Heap after GC invocations=1 (full 0):
 garbage-first heap   total 264192K, used 4152K [0x0000000700000000, 0x0000000800000000)
  region size 1024K, 2 young (2048K), 2 survivors (2048K)
 Metaspace       used 3115K, capacity 4879K, committed 5120K, reserved 1056768K
  class space    used 307K, capacity 475K, committed 512K, reserved 1048576K
}
Event: 1.270 GC heap before
{Heap before GC invocations=1 (full 0):
 garbage-first heap   total 264192K, used 20536K [0x0000000700000000, 0x0000000800000000)
  region size 1024K, 19 young (19456K), 2 survivors (2048K)
 Metaspace       used 5607K, capacity 6995K, committed 7168K, reserved 1056768K
  class space    used 575K, capacity 716K, committed 768K, reserved 1048576K
}
Event: 1.274 GC heap after
{Heap after GC invocations=2 (full 0):
 garbage-first heap   total 264192K, used 5587K [0x0000000700000000, 0x0000000800000000)
  region size 1024K, 2 young (2048K), 2 survivors (2048K)
 Metaspace       used 5607K, capacity 6995K, committed 7168K, reserved 1056768K
  class space    used 575K, capacity 716K, committed 768K, reserved 1048576K
}
Event: 1.566 GC heap before
{Heap before GC invocations=2 (full 0):
 garbage-first heap   total 264192K, used 34259K [0x0000000700000000, 0x0000000800000000)
  region size 1024K, 31 young (31744K), 2 survivors (2048K)
 Metaspace       used 8210K, capacity 8841K, committed 9088K, reserved 1056768K
  class space    used 928K, capacity 1018K, committed 1152K, reserved 1048576K
}
Event: 1.570 GC heap after
{Heap after GC invocations=3 (full 0):
 garbage-first heap   total 264192K, used 6028K [0x0000000700000000, 0x0000000800000000)
  region size 1024K, 2 young (2048K), 2 survivors (2048K)
 Metaspace       used 8210K, capacity 8841K, committed 9088K, reserved 1056768K
  class space    used 928K, capacity 1018K, committed 1152K, reserved 1048576K
}
Event: 2.892 GC heap before
{Heap before GC invocations=3 (full 0):
 garbage-first heap   total 264192K, used 114572K [0x0000000700000000, 0x0000000800000000)
  region size 1024K, 109 young (111616K), 2 survivors (2048K)
 Metaspace       used 20547K, capacity 21231K, committed 21296K, reserved 1067008K
  class space    used 2825K, capacity 3112K, committed 3120K, reserved 1048576K
}
Event: 2.901 GC heap after
{Heap after GC invocations=4 (full 0):
 garbage-first heap   total 264192K, used 11624K [0x0000000700000000, 0x0000000800000000)
  region size 1024K, 8 young (8192K), 8 survivors (8192K)
 Metaspace       used 20547K, capacity 21231K, committed 21296K, reserved 1067008K
  class space    used 2825K, capacity 3112K, committed 3120K, reserved 1048576K
}
Event: 3.230 GC heap before
{Heap before GC invocations=5 (full 0):
 garbage-first heap   total 55296K, used 36200K [0x0000000700000000, 0x0000000800000000)
  region size 1024K, 32 young (32768K), 8 survivors (8192K)
 Metaspace       used 23407K, capacity 24362K, committed 24624K, reserved 1071104K
  class space    used 3419K, capacity 3814K, committed 3888K, reserved 1048576K
}
Event: 3.241 GC heap after
{Heap after GC invocations=6 (full 0):
 garbage-first heap   total 55296K, used 14046K [0x0000000700000000, 0x0000000800000000)
  region size 1024K, 3 young (3072K), 3 survivors (3072K)
 Metaspace       used 23407K, capacity 24362K, committed 24624K, reserved 1071104K
  class space    used 3419K, capacity 3814K, committed 3888K, reserved 1048576K
}
Event: 44.150 GC heap before
{Heap before GC invocations=6 (full 0):
 garbage-first heap   total 55296K, used 39646K [0x0000000700000000, 0x0000000800000000)
  region size 1024K, 27 young (27648K), 3 survivors (3072K)
 Metaspace       used 26091K, capacity 27165K, committed 27440K, reserved 1073152K
  class space    used 3698K, capacity 4115K, committed 4144K, reserved 1048576K
}
Event: 44.159 GC heap after
{Heap after GC invocations=7 (full 0):
 garbage-first heap   total 55296K, used 18647K [0x0000000700000000, 0x0000000800000000)
  region size 1024K, 3 young (3072K), 3 survivors (3072K)
 Metaspace       used 26091K, capacity 27165K, committed 27440K, reserved 1073152K
  class space    used 3698K, capacity 4115K, committed 4144K, reserved 1048576K
}
Event: 51.111 GC heap before
{Heap before GC invocations=7 (full 0):
 garbage-first heap   total 55296K, used 39127K [0x0000000700000000, 0x0000000800000000)
  region size 1024K, 23 young (23552K), 3 survivors (3072K)
 Metaspace       used 27454K, capacity 28526K, committed 28848K, reserved 1073152K
  class space    used 3748K, capacity 4199K, committed 4272K, reserved 1048576K
}
Event: 51.119 GC heap after
{Heap after GC invocations=8 (full 0):
 garbage-first heap   total 55296K, used 20165K [0x0000000700000000, 0x0000000800000000)
  region size 1024K, 2 young (2048K), 2 survivors (2048K)
 Metaspace       used 27454K, capacity 28526K, committed 28848K, reserved 1073152K
  class space    used 3748K, capacity 4199K, committed 4272K, reserved 1048576K
}

