# JRE version: Java(TM) SE Runtime Environment (14.0.2+12) (build 14.0.2+12-46)
# Java VM: Java HotSpot(TM) 64-Bit Server VM (14.0.2+12-46, mixed mode, sharing, tiered, compressed oops, g1 gc, bsd-amd64)
Heap:
 garbage-first heap   total 40960K, used 16584K [0x0000000700000000, 0x0000000800000000)
  region size 1024K, 10 young (10240K), 2 survivors (2048K)
 Metaspace       used 20450K, capacity 21260K, committed 21504K, reserved 1069056K
  class space    used 2471K, capacity 2796K, committed 2816K, reserved 1048576K
GC Heap History (20 events):
Event: 14.448 GC heap before
{Heap before GC invocations=17 (full 0):
 garbage-first heap   total 328704K, used 199781K [0x0000000700000000, 0x0000000800000000)
  region size 1024K, 192 young (196608K), 5 survivors (5120K)
 Metaspace       used 13194K, capacity 13750K, committed 13952K, reserved 1060864K
  class space    used 1635K, capacity 1860K, committed 1920K, reserved 1048576K
}
Event: 14.453 GC heap after
{Heap after GC invocations=18 (full 0):
 garbage-first heap   total 328704K, used 8371K [0x0000000700000000, 0x0000000800000000)
  region size 1024K, 1 young (1024K), 1 survivors (1024K)
 Metaspace       used 13194K, capacity 13750K, committed 13952K, reserved 1060864K
  class space    used 1635K, capacity 1860K, committed 1920K, reserved 1048576K
}
Event: 14.713 GC heap before
{Heap before GC invocations=18 (full 0):
 garbage-first heap   total 328704K, used 203955K [0x0000000700000000, 0x0000000800000000)
  region size 1024K, 192 young (196608K), 1 survivors (1024K)
 Metaspace       used 13194K, capacity 13750K, committed 13952K, reserved 1060864K
  class space    used 1635K, capacity 1860K, committed 1920K, reserved 1048576K
}
Event: 14.714 GC heap after
{Heap after GC invocations=19 (full 0):
 garbage-first heap   total 328704K, used 8098K [0x0000000700000000, 0x0000000800000000)
  region size 1024K, 1 young (1024K), 1 survivors (1024K)
 Metaspace       used 13194K, capacity 13750K, committed 13952K, reserved 1060864K
  class space    used 1635K, capacity 1860K, committed 1920K, reserved 1048576K
}
Event: 14.984 GC heap before
{Heap before GC invocations=19 (full 0):
 garbage-first heap   total 328704K, used 203682K [0x0000000700000000, 0x0000000800000000)
  region size 1024K, 192 young (196608K), 1 survivors (1024K)
 Metaspace       used 13194K, capacity 13750K, committed 13952K, reserved 1060864K
  class space    used 1635K, capacity 1860K, committed 1920K, reserved 1048576K
}
Event: 14.985 GC heap after
{Heap after GC invocations=20 (full 0):
 garbage-first heap   total 328704K, used 8053K [0x0000000700000000, 0x0000000800000000)
  region size 1024K, 1 young (1024K), 1 survivors (1024K)
 Metaspace       used 13194K, capacity 13750K, committed 13952K, reserved 1060864K
  class space    used 1635K, capacity 1860K, committed 1920K, reserved 1048576K
}
Event: 15.280 GC heap before
{Heap before GC invocations=20 (full 0):
 garbage-first heap   total 328704K, used 203637K [0x0000000700000000, 0x0000000800000000)
  region size 1024K, 192 young (196608K), 1 survivors (1024K)
 Metaspace       used 13211K, capacity 13750K, committed 13952K, reserved 1060864K
  class space    used 1635K, capacity 1860K, committed 1920K, reserved 1048576K
}
Event: 15.281 GC heap after
{Heap after GC invocations=21 (full 0):
 garbage-first heap   total 328704K, used 8091K [0x0000000700000000, 0x0000000800000000)
  region size 1024K, 1 young (1024K), 1 survivors (1024K)
 Metaspace       used 13211K, capacity 13750K, committed 13952K, reserved 1060864K
  class space    used 1635K, capacity 1860K, committed 1920K, reserved 1048576K
}
Event: 15.544 GC heap before
{Heap before GC invocations=21 (full 0):
 garbage-first heap   total 328704K, used 203675K [0x0000000700000000, 0x0000000800000000)
  region size 1024K, 192 young (196608K), 1 survivors (1024K)
 Metaspace       used 13219K, capacity 13878K, committed 14208K, reserved 1060864K
  class space    used 1635K, capacity 1860K, committed 1920K, reserved 1048576K
}
Event: 15.545 GC heap after
{Heap after GC invocations=22 (full 0):
 garbage-first heap   total 328704K, used 7999K [0x0000000700000000, 0x0000000800000000)
  region size 1024K, 1 young (1024K), 1 survivors (1024K)
 Metaspace       used 13219K, capacity 13878K, committed 14208K, reserved 1060864K
  class space    used 1635K, capacity 1860K, committed 1920K, reserved 1048576K
}
Event: 15.830 GC heap before
{Heap before GC invocations=22 (full 0):
 garbage-first heap   total 328704K, used 203583K [0x0000000700000000, 0x0000000800000000)
  region size 1024K, 192 young (196608K), 1 survivors (1024K)
 Metaspace       used 13222K, capacity 13878K, committed 14208K, reserved 1060864K
  class space    used 1635K, capacity 1860K, committed 1920K, reserved 1048576K
}
Event: 15.831 GC heap after
{Heap after GC invocations=23 (full 0):
 garbage-first heap   total 328704K, used 8035K [0x0000000700000000, 0x0000000800000000)
  region size 1024K, 1 young (1024K), 1 survivors (1024K)
 Metaspace       used 13222K, capacity 13878K, committed 14208K, reserved 1060864K
  class space    used 1635K, capacity 1860K, committed 1920K, reserved 1048576K
}
Event: 16.113 GC heap before
{Heap before GC invocations=23 (full 0):
 garbage-first heap   total 328704K, used 203619K [0x0000000700000000, 0x0000000800000000)
  region size 1024K, 192 young (196608K), 1 survivors (1024K)
 Metaspace       used 13225K, capacity 13878K, committed 14208K, reserved 1060864K
  class space    used 1635K, capacity 1860K, committed 1920K, reserved 1048576K
}
Event: 16.114 GC heap after
{Heap after GC invocations=24 (full 0):
 garbage-first heap   total 328704K, used 8034K [0x0000000700000000, 0x0000000800000000)
  region size 1024K, 1 young (1024K), 1 survivors (1024K)
 Metaspace       used 13225K, capacity 13878K, committed 14208K, reserved 1060864K
  class space    used 1635K, capacity 1860K, committed 1920K, reserved 1048576K
}
Event: 16.414 GC heap before
{Heap before GC invocations=24 (full 0):
 garbage-first heap   total 328704K, used 203618K [0x0000000700000000, 0x0000000800000000)
  region size 1024K, 192 young (196608K), 1 survivors (1024K)
 Metaspace       used 13226K, capacity 13878K, committed 14208K, reserved 1060864K
  class space    used 1635K, capacity 1860K, committed 1920K, reserved 1048576K
}
Event: 16.415 GC heap after
{Heap after GC invocations=25 (full 0):
 garbage-first heap   total 328704K, used 8100K [0x0000000700000000, 0x0000000800000000)
  region size 1024K, 1 young (1024K), 1 survivors (1024K)
 Metaspace       used 13226K, capacity 13878K, committed 14208K, reserved 1060864K
  class space    used 1635K, capacity 1860K, committed 1920K, reserved 1048576K
}
Event: 16.722 GC heap before
{Heap before GC invocations=25 (full 0):
 garbage-first heap   total 328704K, used 203684K [0x0000000700000000, 0x0000000800000000)
  region size 1024K, 192 young (196608K), 1 survivors (1024K)
 Metaspace       used 13227K, capacity 13878K, committed 14208K, reserved 1060864K
  class space    used 1635K, capacity 1860K, committed 1920K, reserved 1048576K
}
Event: 16.723 GC heap after
{Heap after GC invocations=26 (full 0):
 garbage-first heap   total 328704K, used 8030K [0x0000000700000000, 0x0000000800000000)
  region size 1024K, 1 young (1024K), 1 survivors (1024K)
 Metaspace       used 13227K, capacity 13878K, committed 14208K, reserved 1060864K
  class space    used 1635K, capacity 1860K, committed 1920K, reserved 1048576K
}
Event: 20.651 GC heap before
{Heap before GC invocations=26 (full 0):
 garbage-first heap   total 328704K, used 179038K [0x0000000700000000, 0x0000000800000000)
  region size 1024K, 169 young (173056K), 1 survivors (1024K)
 Metaspace       used 20394K, capacity 21132K, committed 21248K, reserved 1067008K
  class space    used 2468K, capacity 2796K, committed 2816K, reserved 1048576K
}
Event: 20.657 GC heap after
{Heap after GC invocations=27 (full 0):
 garbage-first heap   total 328704K, used 9416K [0x0000000700000000, 0x0000000800000000)
  region size 1024K, 2 young (2048K), 2 survivors (2048K)
 Metaspace       used 20394K, capacity 21132K, committed 21248K, reserved 1067008K
  class space    used 2468K, capacity 2796K, committed 2816K, reserved 1048576K
}

